This file contains any messages produced by compilers while
running configure, to aid debugging if configure makes a mistake.

It was created by jasper configure 1.701.0, which was
generated by GNU Autoconf 2.57.  Invocation command line was

  $ ./configure 

## --------- ##
## Platform. ##
## --------- ##

hostname = ubuntu
uname -m = x86_64
uname -r = 3.2.0-35-generic
uname -s = Linux
uname -v = #55-Ubuntu SMP Wed Dec 5 17:42:16 UTC 2012

/usr/bin/uname -p = unknown
/bin/uname -X     = unknown

/bin/arch              = unknown
/usr/bin/arch -k       = unknown
/usr/convex/getsysinfo = unknown
hostinfo               = unknown
/bin/machine           = unknown
/usr/bin/oslevel       = unknown
/bin/universe          = unknown

PATH: /usr/lib/lightdm/lightdm
PATH: /usr/local/sbin
PATH: /usr/local/bin
PATH: /usr/sbin
PATH: /usr/bin
PATH: /sbin
PATH: /bin
PATH: /usr/games


## ----------- ##
## Core tests. ##
## ----------- ##

configure:1498: checking build system type
configure:1516: result: x86_64-unknown-linux-gnu
configure:1524: checking host system type
configure:1538: result: x86_64-unknown-linux-gnu
configure:1546: checking target system type
configure:1560: result: x86_64-unknown-linux-gnu
configure:1589: checking for a BSD-compatible install
configure:1643: result: /usr/bin/install -c
configure:1654: checking whether build environment is sane
configure:1697: result: yes
configure:1730: checking for gawk
configure:1759: result: no
configure:1730: checking for mawk
configure:1746: found /usr/bin/mawk
configure:1756: result: mawk
configure:1766: checking whether make sets $(MAKE)
configure:1786: result: yes
configure:1995: checking for gawk
configure:2021: result: mawk
configure:2077: checking for gcc
configure:2093: found /usr/bin/gcc
configure:2103: result: gcc
configure:2347: checking for C compiler version
configure:2350: gcc --version </dev/null >&5
gcc (Ubuntu/Linaro 4.6.3-1ubuntu5) 4.6.3
Copyright (C) 2011 Free Software Foundation, Inc.
This is free software; see the source for copying conditions.  There is NO
warranty; not even for MERCHANTABILITY or FITNESS FOR A PARTICULAR PURPOSE.

configure:2353: $? = 0
configure:2355: gcc -v </dev/null >&5
Using built-in specs.
COLLECT_GCC=gcc
COLLECT_LTO_WRAPPER=/usr/lib/gcc/x86_64-linux-gnu/4.6/lto-wrapper
Target: x86_64-linux-gnu
Configured with: ../src/configure -v --with-pkgversion='Ubuntu/Linaro 4.6.3-1ubuntu5' --with-bugurl=file:///usr/share/doc/gcc-4.6/README.Bugs --enable-languages=c,c++,fortran,objc,obj-c++ --prefix=/usr --program-suffix=-4.6 --enable-shared --enable-linker-build-id --with-system-zlib --libexecdir=/usr/lib --without-included-gettext --enable-threads=posix --with-gxx-include-dir=/usr/include/c++/4.6 --libdir=/usr/lib --enable-nls --with-sysroot=/ --enable-clocale=gnu --enable-libstdcxx-debug --enable-libstdcxx-time=yes --enable-gnu-unique-object --enable-plugin --enable-objc-gc --disable-werror --with-arch-32=i686 --with-tune=generic --enable-checking=release --build=x86_64-linux-gnu --host=x86_64-linux-gnu --target=x86_64-linux-gnu
Thread model: posix
gcc version 4.6.3 (Ubuntu/Linaro 4.6.3-1ubuntu5) 
configure:2358: $? = 0
configure:2360: gcc -V </dev/null >&5
gcc: error: unrecognized option '-V'
gcc: fatal error: no input files
compilation terminated.
configure:2363: $? = 4
configure:2387: checking for C compiler default output
configure:2390: gcc    conftest.c  >&5
configure:2393: $? = 0
configure:2439: result: a.out
configure:2444: checking whether the C compiler works
configure:2450: ./a.out
configure:2453: $? = 0
configure:2470: result: yes
configure:2477: checking whether we are cross compiling
configure:2479: result: no
configure:2482: checking for suffix of executables
configure:2484: gcc -o conftest    conftest.c  >&5
configure:2487: $? = 0
configure:2512: result: 
configure:2518: checking for suffix of object files
configure:2540: gcc -c   conftest.c >&5
configure:2543: $? = 0
configure:2565: result: o
configure:2569: checking whether we are using the GNU C compiler
configure:2594: gcc -c   conftest.c >&5
configure:2597: $? = 0
configure:2600: test -s conftest.o
configure:2603: $? = 0
configure:2616: result: yes
configure:2622: checking whether gcc accepts -g
configure:2644: gcc -c -g  conftest.c >&5
configure:2647: $? = 0
configure:2650: test -s conftest.o
configure:2653: $? = 0
configure:2664: result: yes
configure:2681: checking for gcc option to accept ANSI C
configure:2742: gcc  -c -g -m32 -O2  conftest.c >&5
configure:2745: $? = 0
configure:2748: test -s conftest.o
configure:2751: $? = 0
configure:2769: result: none needed
configure:2787: gcc -c -g -m32 -O2  conftest.c >&5
conftest.c:2:3: error: unknown type name 'choke'
conftest.c:2:3: error: expected '=', ',', ';', 'asm' or '__attribute__' at end of input
configure:2790: $? = 1
configure: failed program was:
| #ifndef __cplusplus
|   choke me
| #endif
configure:2918: checking for style of include used by make
configure:2946: result: GNU
configure:2974: checking dependency style of gcc
configure:3036: result: gcc3
configure:3046: checking how to run the C preprocessor
configure:3082: gcc -E  conftest.c
configure:3088: $? = 0
configure:3120: gcc -E  conftest.c
configure:3123:28: fatal error: ac_nonexistent.h: No such file or directory
compilation terminated.
configure:3126: $? = 1
configure: failed program was:
| #line 3111 "configure"
| /* confdefs.h.  */
| 
| #define PACKAGE_NAME "jasper"
| #define PACKAGE_TARNAME "jasper"
| #define PACKAGE_VERSION "1.701.0"
| #define PACKAGE_STRING "jasper 1.701.0"
| #define PACKAGE_BUGREPORT ""
| #define PACKAGE "jasper"
| #define VERSION "1.701.0"
| #define JAS_VERSION "1.701.0"
| #define JAS_CONFIGURE 1
| /* end confdefs.h.  */
| #include <ac_nonexistent.h>
configure:3164: result: gcc -E
configure:3189: gcc -E  conftest.c
configure:3195: $? = 0
configure:3227: gcc -E  conftest.c
configure:3230:28: fatal error: ac_nonexistent.h: No such file or directory
compilation terminated.
configure:3233: $? = 1
configure: failed program was:
| #line 3218 "configure"
| /* confdefs.h.  */
| 
| #define PACKAGE_NAME "jasper"
| #define PACKAGE_TARNAME "jasper"
| #define PACKAGE_VERSION "1.701.0"
| #define PACKAGE_STRING "jasper 1.701.0"
| #define PACKAGE_BUGREPORT ""
| #define PACKAGE "jasper"
| #define VERSION "1.701.0"
| #define JAS_VERSION "1.701.0"
| #define JAS_CONFIGURE 1
| /* end confdefs.h.  */
| #include <ac_nonexistent.h>
configure:3287: checking for a BSD-compatible install
configure:3341: result: /usr/bin/install -c
configure:3352: checking whether ln -s works
configure:3356: result: yes
configure:3404: checking for ranlib
configure:3420: found /usr/bin/ranlib
configure:3431: result: ranlib
configure:3532: checking for ld used by GCC
configure:3595: result: /usr/bin/ld
configure:3604: checking if the linker (/usr/bin/ld) is GNU ld
GNU ld (GNU Binutils for Ubuntu) 2.22
configure:3616: result: yes
configure:3621: checking for /usr/bin/ld option to reload object files
configure:3628: result: -r
configure:3633: checking for BSD-compatible nm
configure:3669: result: /usr/bin/nm -B
configure:3672: checking for a sed that does not truncate output
configure:3754: result: /bin/sed
configure:3757: checking how to recognise dependent libraries
configure:3938: result: pass_all
configure:3951: checking command to parse /usr/bin/nm -B output
configure:4035: gcc -c -g -m32 -O2  conftest.c >&5
configure:4038: $? = 0
configure:4042: /usr/bin/nm -B conftest.o \| sed -n -e 's/^.*[ 	]\([ABCDGISTW][ABCDGISTW]*\)[ 	][ 	]*\(\)\([_A-Za-z][_A-Za-z0-9]*\)$/\1 \2\3 \3/p' \> conftest.nm
configure:4045: $? = 0
configure:4097: gcc -o conftest -g -m32 -O2   conftest.c conftstm.o >&5
configure:4100: $? = 0
configure:4144: result: ok
configure:4149: checking for egrep
configure:4159: result: grep -E
configure:4164: checking for ANSI C header files
configure:4190: gcc -c -g -m32 -O2  conftest.c >&5
configure:4193: $? = 0
configure:4196: test -s conftest.o
configure:4199: $? = 0
configure:4291: gcc -o conftest -g -m32 -O2   conftest.c  >&5
configure: In function 'main':
configure:4288:7: warning: incompatible implicit declaration of built-in function 'exit' [enabled by default]
configure:4294: $? = 0
configure:4296: ./conftest
configure:4299: $? = 0
configure:4314: result: yes
configure:4338: checking for sys/types.h
configure:4355: gcc -c -g -m32 -O2  conftest.c >&5
configure:4358: $? = 0
configure:4361: test -s conftest.o
configure:4364: $? = 0
configure:4375: result: yes
configure:4338: checking for sys/stat.h
configure:4355: gcc -c -g -m32 -O2  conftest.c >&5
configure:4358: $? = 0
configure:4361: test -s conftest.o
configure:4364: $? = 0
configure:4375: result: yes
configure:4338: checking for stdlib.h
configure:4355: gcc -c -g -m32 -O2  conftest.c >&5
configure:4358: $? = 0
configure:4361: test -s conftest.o
configure:4364: $? = 0
configure:4375: result: yes
configure:4338: checking for string.h
configure:4355: gcc -c -g -m32 -O2  conftest.c >&5
configure:4358: $? = 0
configure:4361: test -s conftest.o
configure:4364: $? = 0
configure:4375: result: yes
configure:4338: checking for memory.h
configure:4355: gcc -c -g -m32 -O2  conftest.c >&5
configure:4358: $? = 0
configure:4361: test -s conftest.o
configure:4364: $? = 0
configure:4375: result: yes
configure:4338: checking for strings.h
configure:4355: gcc -c -g -m32 -O2  conftest.c >&5
configure:4358: $? = 0
configure:4361: test -s conftest.o
configure:4364: $? = 0
configure:4375: result: yes
configure:4338: checking for inttypes.h
configure:4355: gcc -c -g -m32 -O2  conftest.c >&5
configure:4358: $? = 0
configure:4361: test -s conftest.o
configure:4364: $? = 0
configure:4375: result: yes
configure:4338: checking for stdint.h
configure:4355: gcc -c -g -m32 -O2  conftest.c >&5
configure:4358: $? = 0
configure:4361: test -s conftest.o
configure:4364: $? = 0
configure:4375: result: yes
configure:4338: checking for unistd.h
configure:4355: gcc -c -g -m32 -O2  conftest.c >&5
configure:4358: $? = 0
configure:4361: test -s conftest.o
configure:4364: $? = 0
configure:4375: result: yes
configure:4401: checking dlfcn.h usability
configure:4414: gcc -c -g -m32 -O2  conftest.c >&5
configure:4417: $? = 0
configure:4420: test -s conftest.o
configure:4423: $? = 0
configure:4433: result: yes
configure:4437: checking dlfcn.h presence
configure:4448: gcc -E  conftest.c
configure:4454: $? = 0
configure:4473: result: yes
configure:4509: checking for dlfcn.h
configure:4516: result: yes
configure:4714: checking for ranlib
configure:4741: result: ranlib
configure:4794: checking for strip
configure:4810: found /usr/bin/strip
configure:4821: result: strip
configure:5031: checking for objdir
configure:5042: result: .libs
configure:5059: checking for gcc option to produce PIC
configure:5205: result: -fPIC
configure:5209: checking if gcc PIC flag -fPIC works
configure:5233: gcc -c -g -m32 -O2 -fPIC -DPIC  conftest.c >&5
configure:5236: $? = 0
configure:5239: test -s conftest.o
configure:5242: $? = 0
configure:5280: result: yes
configure:5296: checking if gcc static flag -static works
configure:5321: gcc -o conftest -g -m32 -O2   -static conftest.c  >&5
configure:5324: $? = 0
configure:5327: test -s conftest
configure:5330: $? = 0
configure:5346: result: yes
configure:5358: checking if gcc supports -c -o file.o
configure:5378: gcc -c -g -m32 -O2 -o out/conftest2.o  conftest.c >&5
configure:5402: result: yes
configure:5407: checking if gcc supports -c -o file.lo
configure:5435: gcc -c -g -m32 -O2 -c -o conftest.lo  conftest.c >&5
configure:5438: $? = 0
configure:5441: test -s conftest.lo
configure:5444: $? = 0
configure:5466: result: yes
configure:5497: checking if gcc supports -fno-rtti -fno-exceptions
configure:5520: gcc -c -g -m32 -O2 -fno-rtti -fno-exceptions -c conftest.c  conftest.c >&5
cc1: warning: command line option '-fno-rtti' is valid for C++/ObjC++ but not for C [enabled by default]
cc1: warning: command line option '-fno-rtti' is valid for C++/ObjC++ but not for C [enabled by default]
configure:5523: $? = 0
configure:5526: test -s conftest.o
configure:5529: $? = 0
configure:5546: result: yes
configure:5557: checking whether the linker (/usr/bin/ld) supports shared libraries
configure:6252: result: yes
configure:6257: checking how to hardcode library paths into programs
configure:6281: result: immediate
configure:6286: checking whether stripping libraries is possible
configure:6291: result: yes
configure:6302: checking dynamic linker characteristics
configure:6563: gcc -c -g -m32 -O2  conftest.c >&5
configure:6566: $? = 0
configure:6733: result: GNU/Linux ld.so
configure:6738: checking if libtool supports shared libraries
configure:6740: result: yes
configure:6743: checking whether to build shared libraries
configure:6764: result: no
configure:6767: checking whether to build static libraries
configure:6771: result: yes
configure:8060: checking for X
configure:8166: gcc -E  conftest.c
configure:8172: $? = 0
configure:8222: gcc -o conftest -g -m32 -O2   conftest.c -lXt  >&5
/usr/bin/ld: cannot find -lXt
collect2: ld returned 1 exit status
configure:8225: $? = 1
configure: failed program was:
| #line 8205 "configure"
| /* confdefs.h.  */
| 
| #define PACKAGE_NAME "jasper"
| #define PACKAGE_TARNAME "jasper"
| #define PACKAGE_VERSION "1.701.0"
| #define PACKAGE_STRING "jasper 1.701.0"
| #define PACKAGE_BUGREPORT ""
| #define PACKAGE "jasper"
| #define VERSION "1.701.0"
| #define JAS_VERSION "1.701.0"
| #define JAS_CONFIGURE 1
| #define STDC_HEADERS 1
| #define HAVE_SYS_TYPES_H 1
| #define HAVE_SYS_STAT_H 1
| #define HAVE_STDLIB_H 1
| #define HAVE_STRING_H 1
| #define HAVE_MEMORY_H 1
| #define HAVE_STRINGS_H 1
| #define HAVE_INTTYPES_H 1
| #define HAVE_STDINT_H 1
| #define HAVE_UNISTD_H 1
| #define HAVE_DLFCN_H 1
| /* end confdefs.h.  */
| #include <X11/Intrinsic.h>
| int
| main ()
| {
| XtMalloc (0)
|   ;
|   return 0;
| }
configure:8270: result: no
configure:9257: checking whether variable-length arrays are supported
configure:9278: gcc -c -g -m32 -O2  conftest.c >&5
configure:9281: $? = 0
configure:9284: test -s conftest.o
configure:9287: $? = 0
configure:9289: result: yes
configure:9331: checking for jpeg_destroy in -ljpeg
configure:9362: gcc -o conftest -g -m32 -O2   conftest.c -ljpeg   >&5
/usr/bin/ld: cannot find -ljpeg
collect2: ld returned 1 exit status
configure:9365: $? = 1
configure: failed program was:
| #line 9338 "configure"
| /* confdefs.h.  */
| 
| #define PACKAGE_NAME "jasper"
| #define PACKAGE_TARNAME "jasper"
| #define PACKAGE_VERSION "1.701.0"
| #define PACKAGE_STRING "jasper 1.701.0"
| #define PACKAGE_BUGREPORT ""
| #define PACKAGE "jasper"
| #define VERSION "1.701.0"
| #define JAS_VERSION "1.701.0"
| #define JAS_CONFIGURE 1
| #define STDC_HEADERS 1
| #define HAVE_SYS_TYPES_H 1
| #define HAVE_SYS_STAT_H 1
| #define HAVE_STDLIB_H 1
| #define HAVE_STRING_H 1
| #define HAVE_MEMORY_H 1
| #define HAVE_STRINGS_H 1
| #define HAVE_INTTYPES_H 1
| #define HAVE_STDINT_H 1
| #define HAVE_UNISTD_H 1
| #define HAVE_DLFCN_H 1
| #define X_DISPLAY_MISSING 1
| #define HAVE_VLA 1
| /* end confdefs.h.  */
| 
| /* Override any gcc2 internal prototype to avoid an error.  */
| #ifdef __cplusplus
| extern "C"
| #endif
| /* We use char because int might match the return type of a gcc2
|    builtin and then its argument prototype would still apply.  */
| char jpeg_destroy ();
| int
| main ()
| {
| jpeg_destroy ();
|   ;
|   return 0;
| }
configure:9383: result: no
configure:9469: checking for glutInit in -lglut
configure:9500: gcc -o conftest -g -m32 -O2   conftest.c -lglut -lglut -lGL -lGLU  -lX11 -lXmu -lXi -lXext -lXt    >&5
/usr/bin/ld: cannot find -lglut
/usr/bin/ld: cannot find -lglut
/usr/bin/ld: cannot find -lGL
/usr/bin/ld: cannot find -lGLU
/usr/bin/ld: cannot find -lX11
/usr/bin/ld: cannot find -lXmu
/usr/bin/ld: cannot find -lXi
/usr/bin/ld: cannot find -lXext
/usr/bin/ld: cannot find -lXt
collect2: ld returned 1 exit status
configure:9503: $? = 1
configure: failed program was:
| #line 9476 "configure"
| /* confdefs.h.  */
| 
| #define PACKAGE_NAME "jasper"
| #define PACKAGE_TARNAME "jasper"
| #define PACKAGE_VERSION "1.701.0"
| #define PACKAGE_STRING "jasper 1.701.0"
| #define PACKAGE_BUGREPORT ""
| #define PACKAGE "jasper"
| #define VERSION "1.701.0"
| #define JAS_VERSION "1.701.0"
| #define JAS_CONFIGURE 1
| #define STDC_HEADERS 1
| #define HAVE_SYS_TYPES_H 1
| #define HAVE_SYS_STAT_H 1
| #define HAVE_STDLIB_H 1
| #define HAVE_STRING_H 1
| #define HAVE_MEMORY_H 1
| #define HAVE_STRINGS_H 1
| #define HAVE_INTTYPES_H 1
| #define HAVE_STDINT_H 1
| #define HAVE_UNISTD_H 1
| #define HAVE_DLFCN_H 1
| #define X_DISPLAY_MISSING 1
| #define HAVE_VLA 1
| /* end confdefs.h.  */
| 
| /* Override any gcc2 internal prototype to avoid an error.  */
| #ifdef __cplusplus
| extern "C"
| #endif
| /* We use char because int might match the return type of a gcc2
|    builtin and then its argument prototype would still apply.  */
| char glutInit ();
| int
| main ()
| {
| glutInit ();
|   ;
|   return 0;
| }
configure:9521: result: no
configure:9541: checking GL/glut.h usability
configure:9554: gcc -c -g -m32 -O2  conftest.c >&5
configure:9557: $? = 0
configure:9560: test -s conftest.o
configure:9563: $? = 0
configure:9573: result: yes
configure:9577: checking GL/glut.h presence
configure:9588: gcc -E  conftest.c
configure:9594: $? = 0
configure:9613: result: yes
configure:9649: checking for GL/glut.h
configure:9656: result: yes
configure:9680: checking whether OpenGL libraries and headers were detected
configure:9682: result: no
configure:9691: checking for main in -lm
configure:9717: gcc -o conftest -g -m32 -O2   conftest.c -lm  >&5
configure:9720: $? = 0
configure:9723: test -s conftest
configure:9726: $? = 0
configure:9738: result: yes
configure:9754: checking for ANSI C header files
configure:9904: result: yes
configure:9937: checking fcntl.h usability
configure:9950: gcc -c -g -m32 -O2  conftest.c >&5
configure:9953: $? = 0
configure:9956: test -s conftest.o
configure:9959: $? = 0
configure:9969: result: yes
configure:9973: checking fcntl.h presence
configure:9984: gcc -E  conftest.c
configure:9990: $? = 0
configure:10009: result: yes
configure:10045: checking for fcntl.h
configure:10052: result: yes
configure:9937: checking limits.h usability
configure:9950: gcc -c -g -m32 -O2  conftest.c >&5
configure:9953: $? = 0
configure:9956: test -s conftest.o
configure:9959: $? = 0
configure:9969: result: yes
configure:9973: checking limits.h presence
configure:9984: gcc -E  conftest.c
configure:9990: $? = 0
configure:10009: result: yes
configure:10045: checking for limits.h
configure:10052: result: yes
configure:9928: checking for unistd.h
configure:9933: result: yes
configure:9928: checking for stdint.h
configure:9933: result: yes
configure:9937: checking stdbool.h usability
configure:9950: gcc -c -g -m32 -O2  conftest.c >&5
configure:9953: $? = 0
configure:9956: test -s conftest.o
configure:9959: $? = 0
configure:9969: result: yes
configure:9973: checking stdbool.h presence
configure:9984: gcc -E  conftest.c
configure:9990: $? = 0
configure:10009: result: yes
configure:10045: checking for stdbool.h
configure:10052: result: yes
configure:9937: checking io.h usability
configure:9950: gcc -c -g -m32 -O2  conftest.c >&5
configure:10005:16: fatal error: io.h: No such file or directory
compilation terminated.
configure:9953: $? = 1
configure: failed program was:
| #line 9939 "configure"
| /* confdefs.h.  */
| 
| #define PACKAGE_NAME "jasper"
| #define PACKAGE_TARNAME "jasper"
| #define PACKAGE_VERSION "1.701.0"
| #define PACKAGE_STRING "jasper 1.701.0"
| #define PACKAGE_BUGREPORT ""
| #define PACKAGE "jasper"
| #define VERSION "1.701.0"
| #define JAS_VERSION "1.701.0"
| #define JAS_CONFIGURE 1
| #define STDC_HEADERS 1
| #define HAVE_SYS_TYPES_H 1
| #define HAVE_SYS_STAT_H 1
| #define HAVE_STDLIB_H 1
| #define HAVE_STRING_H 1
| #define HAVE_MEMORY_H 1
| #define HAVE_STRINGS_H 1
| #define HAVE_INTTYPES_H 1
| #define HAVE_STDINT_H 1
| #define HAVE_UNISTD_H 1
| #define HAVE_DLFCN_H 1
| #define X_DISPLAY_MISSING 1
| #define HAVE_VLA 1
| #define HAVE_LIBM 1
| #define STDC_HEADERS 1
| #define HAVE_FCNTL_H 1
| #define HAVE_LIMITS_H 1
| #define HAVE_UNISTD_H 1
| #define HAVE_STDINT_H 1
| #define HAVE_STDBOOL_H 1
| /* end confdefs.h.  */
| #include <stdio.h>
| #if HAVE_SYS_TYPES_H
| # include <sys/types.h>
| #endif
| #if HAVE_SYS_STAT_H
| # include <sys/stat.h>
| #endif
| #if STDC_HEADERS
| # include <stdlib.h>
| # include <stddef.h>
| #else
| # if HAVE_STDLIB_H
| #  include <stdlib.h>
| # endif
| #endif
| #if HAVE_STRING_H
| # if !STDC_HEADERS && HAVE_MEMORY_H
| #  include <memory.h>
| # endif
| # include <string.h>
| #endif
| #if HAVE_STRINGS_H
| # include <strings.h>
| #endif
| #if HAVE_INTTYPES_H
| # include <inttypes.h>
| #else
| # if HAVE_STDINT_H
| #  include <stdint.h>
| # endif
| #endif
| #if HAVE_UNISTD_H
| # include <unistd.h>
| #endif
| #include <io.h>
configure:9969: result: no
configure:9973: checking io.h presence
configure:9984: gcc -E  conftest.c
configure:10007:16: fatal error: io.h: No such file or directory
compilation terminated.
configure:9990: $? = 1
configure: failed program was:
| #line 9975 "configure"
| /* confdefs.h.  */
| 
| #define PACKAGE_NAME "jasper"
| #define PACKAGE_TARNAME "jasper"
| #define PACKAGE_VERSION "1.701.0"
| #define PACKAGE_STRING "jasper 1.701.0"
| #define PACKAGE_BUGREPORT ""
| #define PACKAGE "jasper"
| #define VERSION "1.701.0"
| #define JAS_VERSION "1.701.0"
| #define JAS_CONFIGURE 1
| #define STDC_HEADERS 1
| #define HAVE_SYS_TYPES_H 1
| #define HAVE_SYS_STAT_H 1
| #define HAVE_STDLIB_H 1
| #define HAVE_STRING_H 1
| #define HAVE_MEMORY_H 1
| #define HAVE_STRINGS_H 1
| #define HAVE_INTTYPES_H 1
| #define HAVE_STDINT_H 1
| #define HAVE_UNISTD_H 1
| #define HAVE_DLFCN_H 1
| #define X_DISPLAY_MISSING 1
| #define HAVE_VLA 1
| #define HAVE_LIBM 1
| #define STDC_HEADERS 1
| #define HAVE_FCNTL_H 1
| #define HAVE_LIMITS_H 1
| #define HAVE_UNISTD_H 1
| #define HAVE_STDINT_H 1
| #define HAVE_STDBOOL_H 1
| /* end confdefs.h.  */
| #include <io.h>
configure:10009: result: no
configure:10045: checking for io.h
configure:10052: result: no
configure:9937: checking windows.h usability
configure:9950: gcc -c -g -m32 -O2  conftest.c >&5
configure:10005:21: fatal error: windows.h: No such file or directory
compilation terminated.
configure:9953: $? = 1
configure: failed program was:
| #line 9939 "configure"
| /* confdefs.h.  */
| 
| #define PACKAGE_NAME "jasper"
| #define PACKAGE_TARNAME "jasper"
| #define PACKAGE_VERSION "1.701.0"
| #define PACKAGE_STRING "jasper 1.701.0"
| #define PACKAGE_BUGREPORT ""
| #define PACKAGE "jasper"
| #define VERSION "1.701.0"
| #define JAS_VERSION "1.701.0"
| #define JAS_CONFIGURE 1
| #define STDC_HEADERS 1
| #define HAVE_SYS_TYPES_H 1
| #define HAVE_SYS_STAT_H 1
| #define HAVE_STDLIB_H 1
| #define HAVE_STRING_H 1
| #define HAVE_MEMORY_H 1
| #define HAVE_STRINGS_H 1
| #define HAVE_INTTYPES_H 1
| #define HAVE_STDINT_H 1
| #define HAVE_UNISTD_H 1
| #define HAVE_DLFCN_H 1
| #define X_DISPLAY_MISSING 1
| #define HAVE_VLA 1
| #define HAVE_LIBM 1
| #define STDC_HEADERS 1
| #define HAVE_FCNTL_H 1
| #define HAVE_LIMITS_H 1
| #define HAVE_UNISTD_H 1
| #define HAVE_STDINT_H 1
| #define HAVE_STDBOOL_H 1
| /* end confdefs.h.  */
| #include <stdio.h>
| #if HAVE_SYS_TYPES_H
| # include <sys/types.h>
| #endif
| #if HAVE_SYS_STAT_H
| # include <sys/stat.h>
| #endif
| #if STDC_HEADERS
| # include <stdlib.h>
| # include <stddef.h>
| #else
| # if HAVE_STDLIB_H
| #  include <stdlib.h>
| # endif
| #endif
| #if HAVE_STRING_H
| # if !STDC_HEADERS && HAVE_MEMORY_H
| #  include <memory.h>
| # endif
| # include <string.h>
| #endif
| #if HAVE_STRINGS_H
| # include <strings.h>
| #endif
| #if HAVE_INTTYPES_H
| # include <inttypes.h>
| #else
| # if HAVE_STDINT_H
| #  include <stdint.h>
| # endif
| #endif
| #if HAVE_UNISTD_H
| # include <unistd.h>
| #endif
| #include <windows.h>
configure:9969: result: no
configure:9973: checking windows.h presence
configure:9984: gcc -E  conftest.c
configure:10007:21: fatal error: windows.h: No such file or directory
compilation terminated.
configure:9990: $? = 1
configure: failed program was:
| #line 9975 "configure"
| /* confdefs.h.  */
| 
| #define PACKAGE_NAME "jasper"
| #define PACKAGE_TARNAME "jasper"
| #define PACKAGE_VERSION "1.701.0"
| #define PACKAGE_STRING "jasper 1.701.0"
| #define PACKAGE_BUGREPORT ""
| #define PACKAGE "jasper"
| #define VERSION "1.701.0"
| #define JAS_VERSION "1.701.0"
| #define JAS_CONFIGURE 1
| #define STDC_HEADERS 1
| #define HAVE_SYS_TYPES_H 1
| #define HAVE_SYS_STAT_H 1
| #define HAVE_STDLIB_H 1
| #define HAVE_STRING_H 1
| #define HAVE_MEMORY_H 1
| #define HAVE_STRINGS_H 1
| #define HAVE_INTTYPES_H 1
| #define HAVE_STDINT_H 1
| #define HAVE_UNISTD_H 1
| #define HAVE_DLFCN_H 1
| #define X_DISPLAY_MISSING 1
| #define HAVE_VLA 1
| #define HAVE_LIBM 1
| #define STDC_HEADERS 1
| #define HAVE_FCNTL_H 1
| #define HAVE_LIMITS_H 1
| #define HAVE_UNISTD_H 1
| #define HAVE_STDINT_H 1
| #define HAVE_STDBOOL_H 1
| /* end confdefs.h.  */
| #include <windows.h>
configure:10009: result: no
configure:10045: checking for windows.h
configure:10052: result: no
configure:9928: checking for sys/types.h
configure:9933: result: yes
configure:9928: checking for stdlib.h
configure:9933: result: yes
configure:9937: checking stddef.h usability
configure:9950: gcc -c -g -m32 -O2  conftest.c >&5
configure:9953: $? = 0
configure:9956: test -s conftest.o
configure:9959: $? = 0
configure:9969: result: yes
configure:9973: checking stddef.h presence
configure:9984: gcc -E  conftest.c
configure:9990: $? = 0
configure:10009: result: yes
configure:10045: checking for stddef.h
configure:10052: result: yes
configure:10070: checking whether byte ordering is bigendian
configure:10098: gcc -c -g -m32 -O2  conftest.c >&5
configure:10101: $? = 0
configure:10104: test -s conftest.o
configure:10107: $? = 0
configure:10132: gcc -c -g -m32 -O2  conftest.c >&5
configure: In function 'main':
configure:10152:2: error: unknown type name 'not'
configure:10152:10: error: expected '=', ',', ';', 'asm' or '__attribute__' before 'endian'
configure:10135: $? = 1
configure: failed program was:
| #line 10110 "configure"
| /* confdefs.h.  */
| 
| #define PACKAGE_NAME "jasper"
| #define PACKAGE_TARNAME "jasper"
| #define PACKAGE_VERSION "1.701.0"
| #define PACKAGE_STRING "jasper 1.701.0"
| #define PACKAGE_BUGREPORT ""
| #define PACKAGE "jasper"
| #define VERSION "1.701.0"
| #define JAS_VERSION "1.701.0"
| #define JAS_CONFIGURE 1
| #define STDC_HEADERS 1
| #define HAVE_SYS_TYPES_H 1
| #define HAVE_SYS_STAT_H 1
| #define HAVE_STDLIB_H 1
| #define HAVE_STRING_H 1
| #define HAVE_MEMORY_H 1
| #define HAVE_STRINGS_H 1
| #define HAVE_INTTYPES_H 1
| #define HAVE_STDINT_H 1
| #define HAVE_UNISTD_H 1
| #define HAVE_DLFCN_H 1
| #define X_DISPLAY_MISSING 1
| #define HAVE_VLA 1
| #define HAVE_LIBM 1
| #define STDC_HEADERS 1
| #define HAVE_FCNTL_H 1
| #define HAVE_LIMITS_H 1
| #define HAVE_UNISTD_H 1
| #define HAVE_STDINT_H 1
| #define HAVE_STDBOOL_H 1
| #define HAVE_SYS_TYPES_H 1
| #define HAVE_STDLIB_H 1
| #define HAVE_STDDEF_H 1
| /* end confdefs.h.  */
| #include <sys/types.h>
| #include <sys/param.h>
| 
| int
| main ()
| {
| #if BYTE_ORDER != BIG_ENDIAN
|  not big endian
| #endif
| 
|   ;
|   return 0;
| }
configure:10255: result: no
configure:10274: checking for an ANSI C-conforming const
configure:10342: gcc -c -g -m32 -O2  conftest.c >&5
configure:10345: $? = 0
configure:10348: test -s conftest.o
configure:10351: $? = 0
configure:10362: result: yes
configure:10372: checking for inline
configure:10394: gcc -c -g -m32 -O2  conftest.c >&5
configure:10397: $? = 0
configure:10400: test -s conftest.o
configure:10403: $? = 0
configure:10415: result: inline
configure:10430: checking for size_t
configure:10455: gcc -c -g -m32 -O2  conftest.c >&5
configure:10458: $? = 0
configure:10461: test -s conftest.o
configure:10464: $? = 0
configure:10475: result: yes
configure:10487: checking for short
configure:10512: gcc -c -g -m32 -O2  conftest.c >&5
configure:10515: $? = 0
configure:10518: test -s conftest.o
configure:10521: $? = 0
configure:10532: result: yes
configure:10535: checking size of short
configure:10810: gcc -o conftest -g -m32 -O2   conftest.c -lm  >&5
configure:10813: $? = 0
configure:10815: ./conftest
configure:10818: $? = 0
configure:10841: result: 2
configure:10848: checking for unsigned short
configure:10873: gcc -c -g -m32 -O2  conftest.c >&5
configure:10876: $? = 0
configure:10879: test -s conftest.o
configure:10882: $? = 0
configure:10893: result: yes
configure:10896: checking size of unsigned short
configure:11171: gcc -o conftest -g -m32 -O2   conftest.c -lm  >&5
configure:11174: $? = 0
configure:11176: ./conftest
configure:11179: $? = 0
configure:11202: result: 2
configure:11209: checking for int
configure:11234: gcc -c -g -m32 -O2  conftest.c >&5
configure:11237: $? = 0
configure:11240: test -s conftest.o
configure:11243: $? = 0
configure:11254: result: yes
configure:11257: checking size of int
configure:11532: gcc -o conftest -g -m32 -O2   conftest.c -lm  >&5
configure:11535: $? = 0
configure:11537: ./conftest
configure:11540: $? = 0
configure:11563: result: 4
configure:11570: checking for unsigned int
configure:11595: gcc -c -g -m32 -O2  conftest.c >&5
configure:11598: $? = 0
configure:11601: test -s conftest.o
configure:11604: $? = 0
configure:11615: result: yes
configure:11618: checking size of unsigned int
configure:11893: gcc -o conftest -g -m32 -O2   conftest.c -lm  >&5
configure:11896: $? = 0
configure:11898: ./conftest
configure:11901: $? = 0
configure:11924: result: 4
configure:11931: checking for long
configure:11956: gcc -c -g -m32 -O2  conftest.c >&5
configure:11959: $? = 0
configure:11962: test -s conftest.o
configure:11965: $? = 0
configure:11976: result: yes
configure:11979: checking size of long
configure:12254: gcc -o conftest -g -m32 -O2   conftest.c -lm  >&5
configure:12257: $? = 0
configure:12259: ./conftest
configure:12262: $? = 0
configure:12285: result: 4
configure:12292: checking for unsigned long
configure:12317: gcc -c -g -m32 -O2  conftest.c >&5
configure:12320: $? = 0
configure:12323: test -s conftest.o
configure:12326: $? = 0
configure:12337: result: yes
configure:12340: checking size of unsigned long
configure:12615: gcc -o conftest -g -m32 -O2   conftest.c -lm  >&5
configure:12618: $? = 0
configure:12620: ./conftest
configure:12623: $? = 0
configure:12646: result: 4
configure:12653: checking for long long
configure:12678: gcc -c -g -m32 -O2  conftest.c >&5
configure:12681: $? = 0
configure:12684: test -s conftest.o
configure:12687: $? = 0
configure:12698: result: yes
configure:12701: checking size of long long
configure:12976: gcc -o conftest -g -m32 -O2   conftest.c -lm  >&5
configure:12979: $? = 0
configure:12981: ./conftest
configure:12984: $? = 0
configure:13007: result: 8
configure:13014: checking for unsigned long long
configure:13039: gcc -c -g -m32 -O2  conftest.c >&5
configure:13042: $? = 0
configure:13045: test -s conftest.o
configure:13048: $? = 0
configure:13059: result: yes
configure:13062: checking size of unsigned long long
configure:13337: gcc -o conftest -g -m32 -O2   conftest.c -lm  >&5
configure:13340: $? = 0
configure:13342: ./conftest
configure:13345: $? = 0
configure:13368: result: 8
configure:13375: checking for uchar
configure:13400: gcc -c -g -m32 -O2  conftest.c >&5
configure: In function 'main':
configure:13460:6: error: 'uchar' undeclared (first use in this function)
configure:13460:6: note: each undeclared identifier is reported only once for each function it appears in
configure:13460:13: error: expected expression before ')' token
configure:13403: $? = 1
configure: failed program was:
| #line 13380 "configure"
| /* confdefs.h.  */
| 
| #define PACKAGE_NAME "jasper"
| #define PACKAGE_TARNAME "jasper"
| #define PACKAGE_VERSION "1.701.0"
| #define PACKAGE_STRING "jasper 1.701.0"
| #define PACKAGE_BUGREPORT ""
| #define PACKAGE "jasper"
| #define VERSION "1.701.0"
| #define JAS_VERSION "1.701.0"
| #define JAS_CONFIGURE 1
| #define STDC_HEADERS 1
| #define HAVE_SYS_TYPES_H 1
| #define HAVE_SYS_STAT_H 1
| #define HAVE_STDLIB_H 1
| #define HAVE_STRING_H 1
| #define HAVE_MEMORY_H 1
| #define HAVE_STRINGS_H 1
| #define HAVE_INTTYPES_H 1
| #define HAVE_STDINT_H 1
| #define HAVE_UNISTD_H 1
| #define HAVE_DLFCN_H 1
| #define X_DISPLAY_MISSING 1
| #define HAVE_VLA 1
| #define HAVE_LIBM 1
| #define STDC_HEADERS 1
| #define HAVE_FCNTL_H 1
| #define HAVE_LIMITS_H 1
| #define HAVE_UNISTD_H 1
| #define HAVE_STDINT_H 1
| #define HAVE_STDBOOL_H 1
| #define HAVE_SYS_TYPES_H 1
| #define HAVE_STDLIB_H 1
| #define HAVE_STDDEF_H 1
| #define SIZEOF_SHORT 2
| #define SIZEOF_UNSIGNED_SHORT 2
| #define SIZEOF_INT 4
| #define SIZEOF_UNSIGNED_INT 4
| #define SIZEOF_LONG 4
| #define SIZEOF_UNSIGNED_LONG 4
| #define SIZEOF_LONG_LONG 8
| #define SIZEOF_UNSIGNED_LONG_LONG 8
| /* end confdefs.h.  */
| #include <stdio.h>
| #if HAVE_SYS_TYPES_H
| # include <sys/types.h>
| #endif
| #if HAVE_SYS_STAT_H
| # include <sys/stat.h>
| #endif
| #if STDC_HEADERS
| # include <stdlib.h>
| # include <stddef.h>
| #else
| # if HAVE_STDLIB_H
| #  include <stdlib.h>
| # endif
| #endif
| #if HAVE_STRING_H
| # if !STDC_HEADERS && HAVE_MEMORY_H
| #  include <memory.h>
| # endif
| # include <string.h>
| #endif
| #if HAVE_STRINGS_H
| # include <strings.h>
| #endif
| #if HAVE_INTTYPES_H
| # include <inttypes.h>
| #else
| # if HAVE_STDINT_H
| #  include <stdint.h>
| # endif
| #endif
| #if HAVE_UNISTD_H
| # include <unistd.h>
| #endif
| int
| main ()
| {
| if ((uchar *) 0)
|   return 0;
| if (sizeof (uchar))
|   return 0;
|   ;
|   return 0;
| }
configure:13420: result: no
configure:13432: checking for ushort
configure:13457: gcc -c -g -m32 -O2  conftest.c >&5
configure:13460: $? = 0
configure:13463: test -s conftest.o
configure:13466: $? = 0
configure:13477: result: yes
configure:13489: checking for uint
configure:13514: gcc -c -g -m32 -O2  conftest.c >&5
configure:13517: $? = 0
configure:13520: test -s conftest.o
configure:13523: $? = 0
configure:13534: result: yes
configure:13546: checking for ulong
configure:13571: gcc -c -g -m32 -O2  conftest.c >&5
configure:13574: $? = 0
configure:13577: test -s conftest.o
configure:13580: $? = 0
configure:13591: result: yes
configure:13603: checking for longlong
configure:13628: gcc -c -g -m32 -O2  conftest.c >&5
configure: In function 'main':
configure:13689:6: error: 'longlong' undeclared (first use in this function)
configure:13689:6: note: each undeclared identifier is reported only once for each function it appears in
configure:13689:16: error: expected expression before ')' token
configure:13631: $? = 1
configure: failed program was:
| #line 13608 "configure"
| /* confdefs.h.  */
| 
| #define PACKAGE_NAME "jasper"
| #define PACKAGE_TARNAME "jasper"
| #define PACKAGE_VERSION "1.701.0"
| #define PACKAGE_STRING "jasper 1.701.0"
| #define PACKAGE_BUGREPORT ""
| #define PACKAGE "jasper"
| #define VERSION "1.701.0"
| #define JAS_VERSION "1.701.0"
| #define JAS_CONFIGURE 1
| #define STDC_HEADERS 1
| #define HAVE_SYS_TYPES_H 1
| #define HAVE_SYS_STAT_H 1
| #define HAVE_STDLIB_H 1
| #define HAVE_STRING_H 1
| #define HAVE_MEMORY_H 1
| #define HAVE_STRINGS_H 1
| #define HAVE_INTTYPES_H 1
| #define HAVE_STDINT_H 1
| #define HAVE_UNISTD_H 1
| #define HAVE_DLFCN_H 1
| #define X_DISPLAY_MISSING 1
| #define HAVE_VLA 1
| #define HAVE_LIBM 1
| #define STDC_HEADERS 1
| #define HAVE_FCNTL_H 1
| #define HAVE_LIMITS_H 1
| #define HAVE_UNISTD_H 1
| #define HAVE_STDINT_H 1
| #define HAVE_STDBOOL_H 1
| #define HAVE_SYS_TYPES_H 1
| #define HAVE_STDLIB_H 1
| #define HAVE_STDDEF_H 1
| #define SIZEOF_SHORT 2
| #define SIZEOF_UNSIGNED_SHORT 2
| #define SIZEOF_INT 4
| #define SIZEOF_UNSIGNED_INT 4
| #define SIZEOF_LONG 4
| #define SIZEOF_UNSIGNED_LONG 4
| #define SIZEOF_LONG_LONG 8
| #define SIZEOF_UNSIGNED_LONG_LONG 8
| #define uchar unsigned char
| /* end confdefs.h.  */
| #include <stdio.h>
| #if HAVE_SYS_TYPES_H
| # include <sys/types.h>
| #endif
| #if HAVE_SYS_STAT_H
| # include <sys/stat.h>
| #endif
| #if STDC_HEADERS
| # include <stdlib.h>
| # include <stddef.h>
| #else
| # if HAVE_STDLIB_H
| #  include <stdlib.h>
| # endif
| #endif
| #if HAVE_STRING_H
| # if !STDC_HEADERS && HAVE_MEMORY_H
| #  include <memory.h>
| # endif
| # include <string.h>
| #endif
| #if HAVE_STRINGS_H
| # include <strings.h>
| #endif
| #if HAVE_INTTYPES_H
| # include <inttypes.h>
| #else
| # if HAVE_STDINT_H
| #  include <stdint.h>
| # endif
| #endif
| #if HAVE_UNISTD_H
| # include <unistd.h>
| #endif
| int
| main ()
| {
| if ((longlong *) 0)
|   return 0;
| if (sizeof (longlong))
|   return 0;
|   ;
|   return 0;
| }
configure:13648: result: no
configure:13660: checking for ulonglong
configure:13685: gcc -c -g -m32 -O2  conftest.c >&5
configure: In function 'main':
configure:13747:6: error: 'ulonglong' undeclared (first use in this function)
configure:13747:6: note: each undeclared identifier is reported only once for each function it appears in
configure:13747:17: error: expected expression before ')' token
configure:13688: $? = 1
configure: failed program was:
| #line 13665 "configure"
| /* confdefs.h.  */
| 
| #define PACKAGE_NAME "jasper"
| #define PACKAGE_TARNAME "jasper"
| #define PACKAGE_VERSION "1.701.0"
| #define PACKAGE_STRING "jasper 1.701.0"
| #define PACKAGE_BUGREPORT ""
| #define PACKAGE "jasper"
| #define VERSION "1.701.0"
| #define JAS_VERSION "1.701.0"
| #define JAS_CONFIGURE 1
| #define STDC_HEADERS 1
| #define HAVE_SYS_TYPES_H 1
| #define HAVE_SYS_STAT_H 1
| #define HAVE_STDLIB_H 1
| #define HAVE_STRING_H 1
| #define HAVE_MEMORY_H 1
| #define HAVE_STRINGS_H 1
| #define HAVE_INTTYPES_H 1
| #define HAVE_STDINT_H 1
| #define HAVE_UNISTD_H 1
| #define HAVE_DLFCN_H 1
| #define X_DISPLAY_MISSING 1
| #define HAVE_VLA 1
| #define HAVE_LIBM 1
| #define STDC_HEADERS 1
| #define HAVE_FCNTL_H 1
| #define HAVE_LIMITS_H 1
| #define HAVE_UNISTD_H 1
| #define HAVE_STDINT_H 1
| #define HAVE_STDBOOL_H 1
| #define HAVE_SYS_TYPES_H 1
| #define HAVE_STDLIB_H 1
| #define HAVE_STDDEF_H 1
| #define SIZEOF_SHORT 2
| #define SIZEOF_UNSIGNED_SHORT 2
| #define SIZEOF_INT 4
| #define SIZEOF_UNSIGNED_INT 4
| #define SIZEOF_LONG 4
| #define SIZEOF_UNSIGNED_LONG 4
| #define SIZEOF_LONG_LONG 8
| #define SIZEOF_UNSIGNED_LONG_LONG 8
| #define uchar unsigned char
| #define longlong long long
| /* end confdefs.h.  */
| #include <stdio.h>
| #if HAVE_SYS_TYPES_H
| # include <sys/types.h>
| #endif
| #if HAVE_SYS_STAT_H
| # include <sys/stat.h>
| #endif
| #if STDC_HEADERS
| # include <stdlib.h>
| # include <stddef.h>
| #else
| # if HAVE_STDLIB_H
| #  include <stdlib.h>
| # endif
| #endif
| #if HAVE_STRING_H
| # if !STDC_HEADERS && HAVE_MEMORY_H
| #  include <memory.h>
| # endif
| # include <string.h>
| #endif
| #if HAVE_STRINGS_H
| # include <strings.h>
| #endif
| #if HAVE_INTTYPES_H
| # include <inttypes.h>
| #else
| # if HAVE_STDINT_H
| #  include <stdint.h>
| # endif
| #endif
| #if HAVE_UNISTD_H
| # include <unistd.h>
| #endif
| int
| main ()
| {
| if ((ulonglong *) 0)
|   return 0;
| if (sizeof (ulonglong))
|   return 0;
|   ;
|   return 0;
| }
configure:13705: result: no
configure:13717: checking for ssize_t
configure:13742: gcc -c -g -m32 -O2  conftest.c >&5
configure:13745: $? = 0
configure:13748: test -s conftest.o
configure:13751: $? = 0
configure:13762: result: yes
configure:13783: checking for vprintf
configure:13833: gcc -o conftest -g -m32 -O2   conftest.c -lm  >&5
configure:13850:6: warning: conflicting types for built-in function 'vprintf' [enabled by default]
configure:13836: $? = 0
configure:13839: test -s conftest
configure:13842: $? = 0
configure:13853: result: yes
configure:13860: checking for _doprnt
configure:13910: gcc -o conftest -g -m32 -O2   conftest.c -lm  >&5
/tmp/cchgxkI7.o:(.data+0x0): undefined reference to `_doprnt'
/tmp/cchgxkI7.o: In function `main':
/home/pli/multi2sim-4.0-hc/C_Code/jasper-1.701.0/configure:13944: undefined reference to `_doprnt'
collect2: ld returned 1 exit status
configure:13913: $? = 1
configure: failed program was:
| #line 13865 "configure"
| /* confdefs.h.  */
| 
| #define PACKAGE_NAME "jasper"
| #define PACKAGE_TARNAME "jasper"
| #define PACKAGE_VERSION "1.701.0"
| #define PACKAGE_STRING "jasper 1.701.0"
| #define PACKAGE_BUGREPORT ""
| #define PACKAGE "jasper"
| #define VERSION "1.701.0"
| #define JAS_VERSION "1.701.0"
| #define JAS_CONFIGURE 1
| #define STDC_HEADERS 1
| #define HAVE_SYS_TYPES_H 1
| #define HAVE_SYS_STAT_H 1
| #define HAVE_STDLIB_H 1
| #define HAVE_STRING_H 1
| #define HAVE_MEMORY_H 1
| #define HAVE_STRINGS_H 1
| #define HAVE_INTTYPES_H 1
| #define HAVE_STDINT_H 1
| #define HAVE_UNISTD_H 1
| #define HAVE_DLFCN_H 1
| #define X_DISPLAY_MISSING 1
| #define HAVE_VLA 1
| #define HAVE_LIBM 1
| #define STDC_HEADERS 1
| #define HAVE_FCNTL_H 1
| #define HAVE_LIMITS_H 1
| #define HAVE_UNISTD_H 1
| #define HAVE_STDINT_H 1
| #define HAVE_STDBOOL_H 1
| #define HAVE_SYS_TYPES_H 1
| #define HAVE_STDLIB_H 1
| #define HAVE_STDDEF_H 1
| #define SIZEOF_SHORT 2
| #define SIZEOF_UNSIGNED_SHORT 2
| #define SIZEOF_INT 4
| #define SIZEOF_UNSIGNED_INT 4
| #define SIZEOF_LONG 4
| #define SIZEOF_UNSIGNED_LONG 4
| #define SIZEOF_LONG_LONG 8
| #define SIZEOF_UNSIGNED_LONG_LONG 8
| #define uchar unsigned char
| #define longlong long long
| #define ulonglong unsigned long long
| #define HAVE_VPRINTF 1
| /* end confdefs.h.  */
| /* System header to define __stub macros and hopefully few prototypes,
|     which can conflict with char _doprnt (); below.
|     Prefer <limits.h> to <assert.h> if __STDC__ is defined, since
|     <limits.h> exists even on freestanding compilers.  */
| #ifdef __STDC__
| # include <limits.h>
| #else
| # include <assert.h>
| #endif
| /* Override any gcc2 internal prototype to avoid an error.  */
| #ifdef __cplusplus
| extern "C"
| {
| #endif
| /* We use char because int might match the return type of a gcc2
|    builtin and then its argument prototype would still apply.  */
| char _doprnt ();
| /* The GNU C library defines this for functions which it implements
|     to always fail with ENOSYS.  Some functions are actually named
|     something starting with __ and the normal name is an alias.  */
| #if defined (__stub__doprnt) || defined (__stub____doprnt)
| choke me
| #else
| char (*f) () = _doprnt;
| #endif
| #ifdef __cplusplus
| }
| #endif
| 
| int
| main ()
| {
| return f != _doprnt;
|   ;
|   return 0;
| }
configure:13930: result: no
configure:14144: creating ./config.status

## ---------------------- ##
## Running config.status. ##
## ---------------------- ##

This file was extended by jasper config.status 1.701.0, which was
generated by GNU Autoconf 2.57.  Invocation command line was

  CONFIG_FILES    = 
  CONFIG_HEADERS  = 
  CONFIG_LINKS    = 
  CONFIG_COMMANDS = 
  $ ./config.status 

on ubuntu

config.status:699: creating Makefile
config.status:699: creating src/Makefile
config.status:699: creating src/appl/Makefile
config.status:699: creating src/libjasper/Makefile
config.status:699: creating src/libjasper/base/Makefile
config.status:699: creating src/libjasper/bmp/Makefile
config.status:699: creating src/libjasper/include/Makefile
config.status:699: creating src/libjasper/include/jasper/Makefile
config.status:699: creating src/libjasper/jp2/Makefile
config.status:699: creating src/libjasper/jpc/Makefile
config.status:699: creating src/libjasper/jpg/Makefile
config.status:699: creating src/libjasper/mif/Makefile
config.status:699: creating src/libjasper/pgx/Makefile
config.status:699: creating src/libjasper/pnm/Makefile
config.status:699: creating src/libjasper/ras/Makefile
config.status:699: creating src/msvc/Makefile
config.status:699: creating jasper.spec
config.status:803: creating src/libjasper/include/jasper/jas_config.h
config.status:980: src/libjasper/include/jasper/jas_config.h is unchanged
config.status:1086: executing depfiles commands

## ---------------- ##
## Cache variables. ##
## ---------------- ##

ac_cv_build=x86_64-unknown-linux-gnu
ac_cv_build_alias=x86_64-unknown-linux-gnu
ac_cv_c_bigendian=no
ac_cv_c_compiler_gnu=yes
ac_cv_c_const=yes
ac_cv_c_inline=inline
ac_cv_env_CC_set=
ac_cv_env_CC_value=
ac_cv_env_CFLAGS_set=
ac_cv_env_CFLAGS_value=
ac_cv_env_CPPFLAGS_set=
ac_cv_env_CPPFLAGS_value=
ac_cv_env_CPP_set=
ac_cv_env_CPP_value=
ac_cv_env_LDFLAGS_set=
ac_cv_env_LDFLAGS_value=
ac_cv_env_build_alias_set=
ac_cv_env_build_alias_value=
ac_cv_env_host_alias_set=
ac_cv_env_host_alias_value=
ac_cv_env_target_alias_set=
ac_cv_env_target_alias_value=
ac_cv_exeext=
ac_cv_func__doprnt=no
ac_cv_func_vprintf=yes
ac_cv_have_x=have_x=no
ac_cv_header_GL_glut_h=yes
ac_cv_header_dlfcn_h=yes
ac_cv_header_fcntl_h=yes
ac_cv_header_inttypes_h=yes
ac_cv_header_io_h=no
ac_cv_header_limits_h=yes
ac_cv_header_memory_h=yes
ac_cv_header_stdbool_h=yes
ac_cv_header_stdc=yes
ac_cv_header_stddef_h=yes
ac_cv_header_stdint_h=yes
ac_cv_header_stdlib_h=yes
ac_cv_header_string_h=yes
ac_cv_header_strings_h=yes
ac_cv_header_sys_stat_h=yes
ac_cv_header_sys_types_h=yes
ac_cv_header_unistd_h=yes
ac_cv_header_windows_h=no
ac_cv_host=x86_64-unknown-linux-gnu
ac_cv_host_alias=x86_64-unknown-linux-gnu
ac_cv_lib_glut_glutInit=no
ac_cv_lib_jpeg_jpeg_destroy=no
ac_cv_lib_m_main=yes
ac_cv_objext=o
ac_cv_path_install='/usr/bin/install -c'
ac_cv_prog_AWK=mawk
ac_cv_prog_CPP='gcc -E'
ac_cv_prog_ac_ct_CC=gcc
ac_cv_prog_ac_ct_RANLIB=ranlib
ac_cv_prog_ac_ct_STRIP=strip
ac_cv_prog_cc_g=yes
ac_cv_prog_cc_stdc=
ac_cv_prog_egrep='grep -E'
ac_cv_prog_make_make_set=yes
ac_cv_sizeof_int=4
ac_cv_sizeof_long=4
ac_cv_sizeof_long_long=8
ac_cv_sizeof_short=2
ac_cv_sizeof_unsigned_int=4
ac_cv_sizeof_unsigned_long=4
ac_cv_sizeof_unsigned_long_long=8
ac_cv_sizeof_unsigned_short=2
ac_cv_target=x86_64-unknown-linux-gnu
ac_cv_target_alias=x86_64-unknown-linux-gnu
ac_cv_type_int=yes
ac_cv_type_long=yes
ac_cv_type_long_long=yes
ac_cv_type_longlong=no
ac_cv_type_short=yes
ac_cv_type_size_t=yes
ac_cv_type_ssize_t=yes
ac_cv_type_uchar=no
ac_cv_type_uint=yes
ac_cv_type_ulong=yes
ac_cv_type_ulonglong=no
ac_cv_type_unsigned_int=yes
ac_cv_type_unsigned_long=yes
ac_cv_type_unsigned_long_long=yes
ac_cv_type_unsigned_short=yes
ac_cv_type_ushort=yes
am_cv_CC_dependencies_compiler_type=gcc3
lt_cv_compiler_c_o=yes
lt_cv_compiler_o_lo=yes
lt_cv_deplibs_check_method=pass_all
lt_cv_file_magic_cmd='$MAGIC_CMD'
lt_cv_file_magic_test_file='/lib/libc.so* /lib/libc-*.so'
lt_cv_global_symbol_to_c_name_address='sed -n -e '\''s/^: \([^ ]*\) $/  {\"\1\", (lt_ptr) 0},/p'\'' -e '\''s/^[BCDEGRST] \([^ ]*\) \([^ ]*\)$/  {"\2", (lt_ptr) \&\2},/p'\'''
lt_cv_global_symbol_to_cdecl='sed -n -e '\''s/^. .* \(.*\)$/extern char \1;/p'\'''
lt_cv_ld_reload_flag=-r
lt_cv_path_LD=/usr/bin/ld
lt_cv_path_NM='/usr/bin/nm -B'
lt_cv_path_SED=/bin/sed
lt_cv_prog_cc_can_build_shared=yes
lt_cv_prog_cc_no_builtin=
lt_cv_prog_cc_pic=' -fPIC'
lt_cv_prog_cc_pic_works=yes
lt_cv_prog_cc_shlib=
lt_cv_prog_cc_static=-static
lt_cv_prog_cc_static_works=yes
lt_cv_prog_cc_wl=-Wl,
lt_cv_prog_gnu_ld=yes
lt_cv_sys_global_symbol_pipe='sed -n -e '\''s/^.*[ 	]\([ABCDGISTW][ABCDGISTW]*\)[ 	][ 	]*\(\)\([_A-Za-z][_A-Za-z0-9]*\)$/\1 \2\3 \3/p'\'''

## ----------------- ##
## Output variables. ##
## ----------------- ##

ACLOCAL='${SHELL} /home/pli/multi2sim-4.0-hc/C_Code/jasper-1.701.0/acaux/missing --run aclocal-1.6'
AMDEPBACKSLASH='\'
AMDEP_FALSE='#'
AMDEP_TRUE=''
AMTAR='${SHELL} /home/pli/multi2sim-4.0-hc/C_Code/jasper-1.701.0/acaux/missing --run tar'
AUTOCONF='${SHELL} /home/pli/multi2sim-4.0-hc/C_Code/jasper-1.701.0/acaux/missing --run autoconf'
AUTOHEADER='${SHELL} /home/pli/multi2sim-4.0-hc/C_Code/jasper-1.701.0/acaux/missing --run autoheader'
AUTOMAKE='${SHELL} /home/pli/multi2sim-4.0-hc/C_Code/jasper-1.701.0/acaux/missing --run automake-1.6'
AWK='mawk'
CC='gcc'
CCDEPMODE='depmode=gcc3'
CFLAGS='-g -m32 -O2 -W -Wall -Wno-long-long -Wformat -Wmissing-prototypes -Wstrict-prototypes -pedantic'
CPP='gcc -E'
CPPFLAGS=''
DEFS='-DHAVE_CONFIG_H'
DEPDIR='.deps'
ECHO='echo'
ECHO_C=''
ECHO_N='-n'
ECHO_T=''
EGREP='grep -E'
EXEEXT=''
HAVE_LIBJPEG_FALSE=''
HAVE_LIBJPEG_TRUE='#'
HAVE_OPENGL_FALSE=''
HAVE_OPENGL_TRUE='#'
INSTALL_DATA='${INSTALL} -m 644'
INSTALL_PROGRAM='${INSTALL}'
INSTALL_SCRIPT='${INSTALL}'
INSTALL_STRIP_PROGRAM='${SHELL} $(install_sh) -c -s'
JAS_MAJOR_VERSION='1'
JAS_MICRO_VERSION='0'
JAS_MINOR_VERSION='701'
JAS_RPM_RELEASE='1'
JAS_VERSION='1.701.0'
LDFLAGS=''
LIBOBJS=''
LIBS='-lm '
LIBTOOL='$(SHELL) $(top_builddir)/libtool'
LN_S='ln -s'
LTLIBOBJS=''
LT_AGE='0'
LT_CURRENT='1'
LT_RELEASE='1.701'
LT_REVISION='0'
MAKEINFO='${SHELL} /home/pli/multi2sim-4.0-hc/C_Code/jasper-1.701.0/acaux/missing --run makeinfo'
OBJEXT='o'
OPENGL_LIBS=''
PACKAGE='jasper'
PACKAGE_BUGREPORT=''
PACKAGE_NAME='jasper'
PACKAGE_STRING='jasper 1.701.0'
PACKAGE_TARNAME='jasper'
PACKAGE_VERSION='1.701.0'
PATH_SEPARATOR=':'
RANLIB='ranlib'
SET_MAKE=''
SHELL='/bin/bash'
STRIP='strip'
VERSION='1.701.0'
X_CFLAGS=''
X_EXTRA_LIBS=''
X_LIBS=''
X_PRE_LIBS=''
ac_ct_CC='gcc'
ac_ct_RANLIB='ranlib'
ac_ct_STRIP='strip'
am__include='include'
am__quote=''
bindir='${exec_prefix}/bin'
build='x86_64-unknown-linux-gnu'
build_alias=''
build_cpu='x86_64'
build_os='linux-gnu'
build_vendor='unknown'
datadir='${prefix}/share'
exec_prefix='${prefix}'
host='x86_64-unknown-linux-gnu'
host_alias=''
host_cpu='x86_64'
host_os='linux-gnu'
host_vendor='unknown'
includedir='${prefix}/include'
infodir='${prefix}/info'
install_sh='/home/pli/multi2sim-4.0-hc/C_Code/jasper-1.701.0/acaux/install-sh'
libdir='${exec_prefix}/lib'
libexecdir='${exec_prefix}/libexec'
localstatedir='${prefix}/var'
mandir='${prefix}/man'
oldincludedir='/usr/include'
prefix='/usr/local'
program_transform_name='s,x,x,'
sbindir='${exec_prefix}/sbin'
sharedstatedir='${prefix}/com'
sysconfdir='${prefix}/etc'
target='x86_64-unknown-linux-gnu'
target_alias=''
target_cpu='x86_64'
target_os='linux-gnu'
target_vendor='unknown'

## ----------- ##
## confdefs.h. ##
## ----------- ##

#define HAVE_DLFCN_H 1
#define HAVE_FCNTL_H 1
#define HAVE_INTTYPES_H 1
#define HAVE_LIBM 1
#define HAVE_LIMITS_H 1
#define HAVE_MEMORY_H 1
#define HAVE_STDBOOL_H 1
#define HAVE_STDDEF_H 1
#define HAVE_STDINT_H 1
#define HAVE_STDINT_H 1
#define HAVE_STDLIB_H 1
#define HAVE_STDLIB_H 1
#define HAVE_STRINGS_H 1
#define HAVE_STRING_H 1
#define HAVE_SYS_STAT_H 1
#define HAVE_SYS_TYPES_H 1
#define HAVE_SYS_TYPES_H 1
#define HAVE_UNISTD_H 1
#define HAVE_UNISTD_H 1
#define HAVE_VLA 1
#define HAVE_VPRINTF 1
#define JAS_CONFIGURE 1
#define JAS_VERSION "1.701.0"
#define PACKAGE "jasper"
#define PACKAGE_BUGREPORT ""
#define PACKAGE_NAME "jasper"
#define PACKAGE_STRING "jasper 1.701.0"
#define PACKAGE_TARNAME "jasper"
#define PACKAGE_VERSION "1.701.0"
#define SIZEOF_INT 4
#define SIZEOF_LONG 4
#define SIZEOF_LONG_LONG 8
#define SIZEOF_SHORT 2
#define SIZEOF_UNSIGNED_INT 4
#define SIZEOF_UNSIGNED_LONG 4
#define SIZEOF_UNSIGNED_LONG_LONG 8
#define SIZEOF_UNSIGNED_SHORT 2
#define STDC_HEADERS 1
#define STDC_HEADERS 1
#define VERSION "1.701.0"
#define X_DISPLAY_MISSING 1
#define longlong long long
#define uchar unsigned char
#define ulonglong unsigned long long

configure: exit 0
